0 info it worked if it ends with ok
1 verbose cli [ 'node', '/usr/local/bin/npm', 'install', '-g', 'grunt-cli' ]
2 info using npm@2.11.2
3 info using node@v0.12.4
4 verbose install initial load of /usr/local/lib/package.json
5 verbose readDependencies loading dependencies from /usr/local/lib/package.json
6 silly cache add args [ 'grunt-cli', null ]
7 verbose cache add spec grunt-cli
8 silly cache add parsed spec { raw: 'grunt-cli',
8 silly cache add   scope: null,
8 silly cache add   name: 'grunt-cli',
8 silly cache add   rawSpec: '',
8 silly cache add   spec: '*',
8 silly cache add   type: 'range' }
9 silly addNamed grunt-cli@*
10 verbose addNamed "*" is a valid semver range for grunt-cli
11 silly addNameRange { name: 'grunt-cli', range: '*', hasData: false }
12 silly mapToRegistry name grunt-cli
13 silly mapToRegistry using default registry
14 silly mapToRegistry registry https://registry.npmjs.org/
15 silly mapToRegistry uri https://registry.npmjs.org/grunt-cli
16 verbose addNameRange registry:https://registry.npmjs.org/grunt-cli not in flight; fetching
17 verbose request uri https://registry.npmjs.org/grunt-cli
18 verbose request no auth needed
19 info attempt registry request try #1 at 20:30:42
20 verbose request id d04323770d7077b8
21 http request GET https://registry.npmjs.org/grunt-cli
22 http 200 https://registry.npmjs.org/grunt-cli
23 silly get cb [ 200,
23 silly get   { server: 'CouchDB/1.5.0 (Erlang OTP/R16B03)',
23 silly get     etag: '"406ZW199SP99RGA2IND31DLK1"',
23 silly get     'content-type': 'application/json',
23 silly get     'cache-control': 'max-age=60',
23 silly get     'content-length': '21614',
23 silly get     'accept-ranges': 'bytes',
23 silly get     date: 'Wed, 07 Oct 2015 12:30:45 GMT',
23 silly get     via: '1.1 varnish',
23 silly get     age: '0',
23 silly get     connection: 'keep-alive',
23 silly get     'x-served-by': 'cache-sjc3129-SJC',
23 silly get     'x-cache': 'HIT',
23 silly get     'x-cache-hits': '1',
23 silly get     'x-timer': 'S1444221045.457458,VS0,VE85',
23 silly get     vary: 'Accept' } ]
24 verbose get saving grunt-cli to /Users/Momo/.npm/registry.npmjs.org/grunt-cli/.cache.json
25 silly addNameRange number 2 { name: 'grunt-cli', range: '*', hasData: true }
26 silly addNameRange versions [ 'grunt-cli',
26 silly addNameRange   [ '0.1.0',
26 silly addNameRange     '0.1.1',
26 silly addNameRange     '0.1.2',
26 silly addNameRange     '0.1.3',
26 silly addNameRange     '0.1.4',
26 silly addNameRange     '0.1.5',
26 silly addNameRange     '0.1.6',
26 silly addNameRange     '0.1.7',
26 silly addNameRange     '0.1.8',
26 silly addNameRange     '0.1.9',
26 silly addNameRange     '0.1.10',
26 silly addNameRange     '0.1.11',
26 silly addNameRange     '0.1.12',
26 silly addNameRange     '0.1.13' ] ]
27 silly addNamed grunt-cli@0.1.13
28 verbose addNamed "0.1.13" is a plain semver version for grunt-cli
29 silly mapToRegistry name grunt-cli
30 silly mapToRegistry using default registry
31 silly mapToRegistry registry https://registry.npmjs.org/
32 silly mapToRegistry uri https://registry.npmjs.org/grunt-cli
33 verbose addRemoteTarball https://registry.npmjs.org/grunt-cli/-/grunt-cli-0.1.13.tgz not in flight; adding
34 verbose addRemoteTarball [ 'https://registry.npmjs.org/grunt-cli/-/grunt-cli-0.1.13.tgz',
34 verbose addRemoteTarball   'e9ebc4047631f5012d922770c39378133cad10f4' ]
35 info retry fetch attempt 1 at 20:30:45
36 info attempt registry request try #1 at 20:30:45
37 http fetch GET https://registry.npmjs.org/grunt-cli/-/grunt-cli-0.1.13.tgz
38 http fetch 200 https://registry.npmjs.org/grunt-cli/-/grunt-cli-0.1.13.tgz
39 silly fetchAndShaCheck shasum e9ebc4047631f5012d922770c39378133cad10f4
40 verbose addTmpTarball /var/folders/kc/pvh8rycj7vg573mp2wmm363w0000gn/T/npm-8008-5e2dbfe6/registry.npmjs.org/grunt-cli/-/grunt-cli-0.1.13.tgz not in flight; adding
41 verbose addTmpTarball already have metadata; skipping unpack for grunt-cli@0.1.13
42 silly cache afterAdd grunt-cli@0.1.13
43 verbose afterAdd /Users/Momo/.npm/grunt-cli/0.1.13/package/package.json not in flight; writing
44 verbose afterAdd /Users/Momo/.npm/grunt-cli/0.1.13/package/package.json written
45 silly install resolved [ { name: 'grunt-cli',
45 silly install resolved     description: 'The grunt command line interface.',
45 silly install resolved     version: '0.1.13',
45 silly install resolved     author: { name: 'Grunt Team' },
45 silly install resolved     homepage: 'http://gruntjs.com/',
45 silly install resolved     repository: { type: 'git', url: 'git://github.com/gruntjs/grunt-cli.git' },
45 silly install resolved     bugs: { url: 'http://github.com/gruntjs/grunt-cli/issues' },
45 silly install resolved     licenses: [ [Object] ],
45 silly install resolved     bin: { grunt: 'bin/grunt' },
45 silly install resolved     engines: { node: '>= 0.8.0' },
45 silly install resolved     scripts: { test: 'node bin/grunt test' },
45 silly install resolved     preferGlobal: true,
45 silly install resolved     dependencies: { nopt: '~1.0.10', 'findup-sync': '~0.1.0', resolve: '~0.3.1' },
45 silly install resolved     devDependencies: { grunt: '~0.4.0', 'grunt-contrib-jshint': '~0.2.0' },
45 silly install resolved     contributors: [ [Object], [Object], [Object], [Object] ],
45 silly install resolved     _id: 'grunt-cli@0.1.13',
45 silly install resolved     dist:
45 silly install resolved      { shasum: 'e9ebc4047631f5012d922770c39378133cad10f4',
45 silly install resolved        tarball: 'http://registry.npmjs.org/grunt-cli/-/grunt-cli-0.1.13.tgz' },
45 silly install resolved     _from: 'grunt-cli@*',
45 silly install resolved     _npmVersion: '1.3.24',
45 silly install resolved     _npmUser: { name: 'tkellen', email: 'tyler@sleekcode.net' },
45 silly install resolved     maintainers: [ [Object] ],
45 silly install resolved     directories: {},
45 silly install resolved     _shasum: 'e9ebc4047631f5012d922770c39378133cad10f4',
45 silly install resolved     _resolved: 'https://registry.npmjs.org/grunt-cli/-/grunt-cli-0.1.13.tgz' } ]
46 info install grunt-cli@0.1.13 into /usr/local/lib
47 info installOne grunt-cli@0.1.13
48 verbose installOne of grunt-cli to /usr/local/lib not in flight; installing
49 verbose lock using /Users/Momo/.npm/_locks/grunt-cli-58f484dab06f0a30.lock for /usr/local/lib/node_modules/grunt-cli
50 silly install write writing grunt-cli 0.1.13 to /usr/local/lib/node_modules/grunt-cli
51 verbose unbuild lib/node_modules/grunt-cli
52 silly gentlyRm /usr/local/lib/node_modules/grunt-cli is being purged from base /usr/local
53 verbose gentlyRm don't care about contents; nuking /usr/local/lib/node_modules/grunt-cli
54 verbose tar unpack /Users/Momo/.npm/grunt-cli/0.1.13/package.tgz
55 verbose tar unpacking to /usr/local/lib/node_modules/grunt-cli
56 silly gentlyRm /usr/local/lib/node_modules/grunt-cli is being purged
57 verbose gentlyRm don't care about contents; nuking /usr/local/lib/node_modules/grunt-cli
58 silly gunzTarPerm modes [ '755', '644' ]
59 error tar.unpack untar error /Users/Momo/.npm/grunt-cli/0.1.13/package.tgz
60 verbose unlock done using /Users/Momo/.npm/_locks/grunt-cli-58f484dab06f0a30.lock for /usr/local/lib/node_modules/grunt-cli
61 verbose fstream_path /usr/local/lib/node_modules/grunt-cli
62 verbose fstream_type Directory
63 verbose fstream_class DirWriter
64 verbose stack Error: EACCES, mkdir '/usr/local/lib/node_modules/grunt-cli'
64 verbose stack     at Error (native)
65 verbose fstream_stack /usr/local/lib/node_modules/npm/node_modules/fstream/lib/dir-writer.js:35:25
65 verbose fstream_stack /usr/local/lib/node_modules/npm/node_modules/mkdirp/index.js:47:53
65 verbose fstream_stack FSReqWrap.oncomplete (fs.js:95:15)
66 verbose cwd /Users/Momo/GitHub/neu-cn
67 error Darwin 15.0.0
68 error argv "node" "/usr/local/bin/npm" "install" "-g" "grunt-cli"
69 error node v0.12.4
70 error npm  v2.11.2
71 error path /usr/local/lib/node_modules/grunt-cli
72 error code EACCES
73 error errno -13
74 error Error: EACCES, mkdir '/usr/local/lib/node_modules/grunt-cli'
74 error     at Error (native)
74 error  { [Error: EACCES, mkdir '/usr/local/lib/node_modules/grunt-cli']
74 error   errno: -13,
74 error   code: 'EACCES',
74 error   path: '/usr/local/lib/node_modules/grunt-cli',
74 error   fstream_type: 'Directory',
74 error   fstream_path: '/usr/local/lib/node_modules/grunt-cli',
74 error   fstream_class: 'DirWriter',
74 error   fstream_stack:
74 error    [ '/usr/local/lib/node_modules/npm/node_modules/fstream/lib/dir-writer.js:35:25',
74 error      '/usr/local/lib/node_modules/npm/node_modules/mkdirp/index.js:47:53',
74 error      'FSReqWrap.oncomplete (fs.js:95:15)' ] }
75 error Please try running this command again as root/Administrator.
76 verbose exit [ -13, true ]
77 verbose unbuild lib/node_modules/grunt-cli
78 silly gentlyRm /usr/local/lib/node_modules/grunt-cli is being purged from base /usr/local
79 verbose gentlyRm don't care about contents; nuking /usr/local/lib/node_modules/grunt-cli
